<?xml version="1.0" encoding="UTF-8"?>
<testsuite xmlns:xsi="http://www.w3.org/2001/XMLSchema-instance" xsi:noNamespaceSchemaLocation="https://maven.apache.org/surefire/maven-surefire-plugin/xsd/surefire-test-report.xsd" name="co.com.sofka.app.BasicCalculatorTest" time="0.437" tests="24" errors="4" skipped="0" failures="0">
  <properties>
    <property name="java.specification.version" value="18"/>
    <property name="sun.jnu.encoding" value="UTF-8"/>
    <property name="java.class.path" value="/Users/santiagoviana/Sofka/BuenasPracticas/my-demo/target/test-classes:/Users/santiagoviana/Sofka/BuenasPracticas/my-demo/target/classes:/Users/santiagoviana/.m2/repository/junit/junit/3.8.1/junit-3.8.1.jar:/Users/santiagoviana/.m2/repository/org/junit/jupiter/junit-jupiter/5.5.1/junit-jupiter-5.5.1.jar:/Users/santiagoviana/.m2/repository/org/junit/jupiter/junit-jupiter-api/5.5.1/junit-jupiter-api-5.5.1.jar:/Users/santiagoviana/.m2/repository/org/apiguardian/apiguardian-api/1.1.0/apiguardian-api-1.1.0.jar:/Users/santiagoviana/.m2/repository/org/opentest4j/opentest4j/1.2.0/opentest4j-1.2.0.jar:/Users/santiagoviana/.m2/repository/org/junit/platform/junit-platform-commons/1.5.1/junit-platform-commons-1.5.1.jar:/Users/santiagoviana/.m2/repository/org/junit/jupiter/junit-jupiter-params/5.5.1/junit-jupiter-params-5.5.1.jar:/Users/santiagoviana/.m2/repository/org/junit/jupiter/junit-jupiter-engine/5.5.1/junit-jupiter-engine-5.5.1.jar:/Users/santiagoviana/.m2/repository/org/junit/platform/junit-platform-engine/1.5.1/junit-platform-engine-1.5.1.jar:/Users/santiagoviana/.m2/repository/org/slf4j/slf4j-api/1.7.30/slf4j-api-1.7.30.jar:/Users/santiagoviana/.m2/repository/org/slf4j/slf4j-jdk14/1.7.30/slf4j-jdk14-1.7.30.jar:/Users/santiagoviana/.m2/repository/org/apache/maven/plugins/maven-assembly-plugin/3.3.0/maven-assembly-plugin-3.3.0.jar:/Users/santiagoviana/.m2/repository/org/apache/maven/maven-plugin-api/3.0/maven-plugin-api-3.0.jar:/Users/santiagoviana/.m2/repository/org/sonatype/sisu/sisu-inject-plexus/1.4.2/sisu-inject-plexus-1.4.2.jar:/Users/santiagoviana/.m2/repository/org/sonatype/sisu/sisu-inject-bean/1.4.2/sisu-inject-bean-1.4.2.jar:/Users/santiagoviana/.m2/repository/org/sonatype/sisu/sisu-guice/2.1.7/sisu-guice-2.1.7-noaop.jar:/Users/santiagoviana/.m2/repository/org/apache/maven/maven-core/3.0/maven-core-3.0.jar:/Users/santiagoviana/.m2/repository/org/apache/maven/maven-settings/3.0/maven-settings-3.0.jar:/Users/santiagoviana/.m2/repository/org/apache/maven/maven-settings-builder/3.0/maven-settings-builder-3.0.jar:/Users/santiagoviana/.m2/repository/org/apache/maven/maven-repository-metadata/3.0/maven-repository-metadata-3.0.jar:/Users/santiagoviana/.m2/repository/org/apache/maven/maven-model-builder/3.0/maven-model-builder-3.0.jar:/Users/santiagoviana/.m2/repository/org/apache/maven/maven-aether-provider/3.0/maven-aether-provider-3.0.jar:/Users/santiagoviana/.m2/repository/org/sonatype/aether/aether-impl/1.7/aether-impl-1.7.jar:/Users/santiagoviana/.m2/repository/org/sonatype/aether/aether-spi/1.7/aether-spi-1.7.jar:/Users/santiagoviana/.m2/repository/org/sonatype/aether/aether-api/1.7/aether-api-1.7.jar:/Users/santiagoviana/.m2/repository/org/sonatype/aether/aether-util/1.7/aether-util-1.7.jar:/Users/santiagoviana/.m2/repository/org/codehaus/plexus/plexus-classworlds/2.2.3/plexus-classworlds-2.2.3.jar:/Users/santiagoviana/.m2/repository/org/codehaus/plexus/plexus-component-annotations/1.5.5/plexus-component-annotations-1.5.5.jar:/Users/santiagoviana/.m2/repository/org/sonatype/plexus/plexus-sec-dispatcher/1.3/plexus-sec-dispatcher-1.3.jar:/Users/santiagoviana/.m2/repository/org/sonatype/plexus/plexus-cipher/1.4/plexus-cipher-1.4.jar:/Users/santiagoviana/.m2/repository/org/apache/maven/maven-artifact/3.0/maven-artifact-3.0.jar:/Users/santiagoviana/.m2/repository/org/apache/maven/maven-model/3.0/maven-model-3.0.jar:/Users/santiagoviana/.m2/repository/org/apache/maven/shared/maven-common-artifact-filters/3.1.0/maven-common-artifact-filters-3.1.0.jar:/Users/santiagoviana/.m2/repository/org/apache/maven/shared/maven-shared-utils/3.1.0/maven-shared-utils-3.1.0.jar:/Users/santiagoviana/.m2/repository/org/apache/maven/shared/maven-artifact-transfer/0.11.0/maven-artifact-transfer-0.11.0.jar:/Users/santiagoviana/.m2/repository/org/codehaus/plexus/plexus-interpolation/1.25/plexus-interpolation-1.25.jar:/Users/santiagoviana/.m2/repository/org/codehaus/plexus/plexus-archiver/4.2.1/plexus-archiver-4.2.1.jar:/Users/santiagoviana/.m2/repository/org/apache/commons/commons-compress/1.19/commons-compress-1.19.jar:/Users/santiagoviana/.m2/repository/org/iq80/snappy/snappy/0.4/snappy-0.4.jar:/Users/santiagoviana/.m2/repository/org/tukaani/xz/1.8/xz-1.8.jar:/Users/santiagoviana/.m2/repository/org/apache/maven/shared/file-management/3.0.0/file-management-3.0.0.jar:/Users/santiagoviana/.m2/repository/org/apache/maven/shared/maven-shared-io/3.0.0/maven-shared-io-3.0.0.jar:/Users/santiagoviana/.m2/repository/org/apache/maven/maven-compat/3.0/maven-compat-3.0.jar:/Users/santiagoviana/.m2/repository/org/apache/maven/wagon/wagon-provider-api/2.10/wagon-provider-api-2.10.jar:/Users/santiagoviana/.m2/repository/commons-io/commons-io/2.5/commons-io-2.5.jar:/Users/santiagoviana/.m2/repository/org/apache/maven/shared/maven-filtering/3.1.1/maven-filtering-3.1.1.jar:/Users/santiagoviana/.m2/repository/org/sonatype/plexus/plexus-build-api/0.0.7/plexus-build-api-0.0.7.jar:/Users/santiagoviana/.m2/repository/org/codehaus/plexus/plexus-io/3.2.0/plexus-io-3.2.0.jar:/Users/santiagoviana/.m2/repository/org/apache/maven/maven-archiver/3.5.0/maven-archiver-3.5.0.jar:/Users/santiagoviana/.m2/repository/org/codehaus/plexus/plexus-utils/3.3.0/plexus-utils-3.3.0.jar:/Users/santiagoviana/.m2/repository/commons-codec/commons-codec/1.6/commons-codec-1.6.jar:"/>
    <property name="java.vm.vendor" value="Homebrew"/>
    <property name="sun.arch.data.model" value="64"/>
    <property name="java.vendor.url" value="https://github.com/Homebrew/homebrew-core/issues"/>
    <property name="os.name" value="Mac OS X"/>
    <property name="java.vm.specification.version" value="18"/>
    <property name="sun.java.launcher" value="SUN_STANDARD"/>
    <property name="user.country" value="CO"/>
    <property name="sun.boot.library.path" value="/usr/local/Cellar/openjdk/18.0.1/libexec/openjdk.jdk/Contents/Home/lib"/>
    <property name="sun.java.command" value="/Users/santiagoviana/Sofka/BuenasPracticas/my-demo/target/surefire/surefirebooter438108183451098535.jar /Users/santiagoviana/Sofka/BuenasPracticas/my-demo/target/surefire 2022-05-11T07-21-29_058-jvmRun1 surefire11328818651272520947tmp surefire_04926181810357434158tmp"/>
    <property name="http.nonProxyHosts" value="local|*.local|169.254/16|*.169.254/16"/>
    <property name="jdk.debug" value="release"/>
    <property name="surefire.test.class.path" value="/Users/santiagoviana/Sofka/BuenasPracticas/my-demo/target/test-classes:/Users/santiagoviana/Sofka/BuenasPracticas/my-demo/target/classes:/Users/santiagoviana/.m2/repository/junit/junit/3.8.1/junit-3.8.1.jar:/Users/santiagoviana/.m2/repository/org/junit/jupiter/junit-jupiter/5.5.1/junit-jupiter-5.5.1.jar:/Users/santiagoviana/.m2/repository/org/junit/jupiter/junit-jupiter-api/5.5.1/junit-jupiter-api-5.5.1.jar:/Users/santiagoviana/.m2/repository/org/apiguardian/apiguardian-api/1.1.0/apiguardian-api-1.1.0.jar:/Users/santiagoviana/.m2/repository/org/opentest4j/opentest4j/1.2.0/opentest4j-1.2.0.jar:/Users/santiagoviana/.m2/repository/org/junit/platform/junit-platform-commons/1.5.1/junit-platform-commons-1.5.1.jar:/Users/santiagoviana/.m2/repository/org/junit/jupiter/junit-jupiter-params/5.5.1/junit-jupiter-params-5.5.1.jar:/Users/santiagoviana/.m2/repository/org/junit/jupiter/junit-jupiter-engine/5.5.1/junit-jupiter-engine-5.5.1.jar:/Users/santiagoviana/.m2/repository/org/junit/platform/junit-platform-engine/1.5.1/junit-platform-engine-1.5.1.jar:/Users/santiagoviana/.m2/repository/org/slf4j/slf4j-api/1.7.30/slf4j-api-1.7.30.jar:/Users/santiagoviana/.m2/repository/org/slf4j/slf4j-jdk14/1.7.30/slf4j-jdk14-1.7.30.jar:/Users/santiagoviana/.m2/repository/org/apache/maven/plugins/maven-assembly-plugin/3.3.0/maven-assembly-plugin-3.3.0.jar:/Users/santiagoviana/.m2/repository/org/apache/maven/maven-plugin-api/3.0/maven-plugin-api-3.0.jar:/Users/santiagoviana/.m2/repository/org/sonatype/sisu/sisu-inject-plexus/1.4.2/sisu-inject-plexus-1.4.2.jar:/Users/santiagoviana/.m2/repository/org/sonatype/sisu/sisu-inject-bean/1.4.2/sisu-inject-bean-1.4.2.jar:/Users/santiagoviana/.m2/repository/org/sonatype/sisu/sisu-guice/2.1.7/sisu-guice-2.1.7-noaop.jar:/Users/santiagoviana/.m2/repository/org/apache/maven/maven-core/3.0/maven-core-3.0.jar:/Users/santiagoviana/.m2/repository/org/apache/maven/maven-settings/3.0/maven-settings-3.0.jar:/Users/santiagoviana/.m2/repository/org/apache/maven/maven-settings-builder/3.0/maven-settings-builder-3.0.jar:/Users/santiagoviana/.m2/repository/org/apache/maven/maven-repository-metadata/3.0/maven-repository-metadata-3.0.jar:/Users/santiagoviana/.m2/repository/org/apache/maven/maven-model-builder/3.0/maven-model-builder-3.0.jar:/Users/santiagoviana/.m2/repository/org/apache/maven/maven-aether-provider/3.0/maven-aether-provider-3.0.jar:/Users/santiagoviana/.m2/repository/org/sonatype/aether/aether-impl/1.7/aether-impl-1.7.jar:/Users/santiagoviana/.m2/repository/org/sonatype/aether/aether-spi/1.7/aether-spi-1.7.jar:/Users/santiagoviana/.m2/repository/org/sonatype/aether/aether-api/1.7/aether-api-1.7.jar:/Users/santiagoviana/.m2/repository/org/sonatype/aether/aether-util/1.7/aether-util-1.7.jar:/Users/santiagoviana/.m2/repository/org/codehaus/plexus/plexus-classworlds/2.2.3/plexus-classworlds-2.2.3.jar:/Users/santiagoviana/.m2/repository/org/codehaus/plexus/plexus-component-annotations/1.5.5/plexus-component-annotations-1.5.5.jar:/Users/santiagoviana/.m2/repository/org/sonatype/plexus/plexus-sec-dispatcher/1.3/plexus-sec-dispatcher-1.3.jar:/Users/santiagoviana/.m2/repository/org/sonatype/plexus/plexus-cipher/1.4/plexus-cipher-1.4.jar:/Users/santiagoviana/.m2/repository/org/apache/maven/maven-artifact/3.0/maven-artifact-3.0.jar:/Users/santiagoviana/.m2/repository/org/apache/maven/maven-model/3.0/maven-model-3.0.jar:/Users/santiagoviana/.m2/repository/org/apache/maven/shared/maven-common-artifact-filters/3.1.0/maven-common-artifact-filters-3.1.0.jar:/Users/santiagoviana/.m2/repository/org/apache/maven/shared/maven-shared-utils/3.1.0/maven-shared-utils-3.1.0.jar:/Users/santiagoviana/.m2/repository/org/apache/maven/shared/maven-artifact-transfer/0.11.0/maven-artifact-transfer-0.11.0.jar:/Users/santiagoviana/.m2/repository/org/codehaus/plexus/plexus-interpolation/1.25/plexus-interpolation-1.25.jar:/Users/santiagoviana/.m2/repository/org/codehaus/plexus/plexus-archiver/4.2.1/plexus-archiver-4.2.1.jar:/Users/santiagoviana/.m2/repository/org/apache/commons/commons-compress/1.19/commons-compress-1.19.jar:/Users/santiagoviana/.m2/repository/org/iq80/snappy/snappy/0.4/snappy-0.4.jar:/Users/santiagoviana/.m2/repository/org/tukaani/xz/1.8/xz-1.8.jar:/Users/santiagoviana/.m2/repository/org/apache/maven/shared/file-management/3.0.0/file-management-3.0.0.jar:/Users/santiagoviana/.m2/repository/org/apache/maven/shared/maven-shared-io/3.0.0/maven-shared-io-3.0.0.jar:/Users/santiagoviana/.m2/repository/org/apache/maven/maven-compat/3.0/maven-compat-3.0.jar:/Users/santiagoviana/.m2/repository/org/apache/maven/wagon/wagon-provider-api/2.10/wagon-provider-api-2.10.jar:/Users/santiagoviana/.m2/repository/commons-io/commons-io/2.5/commons-io-2.5.jar:/Users/santiagoviana/.m2/repository/org/apache/maven/shared/maven-filtering/3.1.1/maven-filtering-3.1.1.jar:/Users/santiagoviana/.m2/repository/org/sonatype/plexus/plexus-build-api/0.0.7/plexus-build-api-0.0.7.jar:/Users/santiagoviana/.m2/repository/org/codehaus/plexus/plexus-io/3.2.0/plexus-io-3.2.0.jar:/Users/santiagoviana/.m2/repository/org/apache/maven/maven-archiver/3.5.0/maven-archiver-3.5.0.jar:/Users/santiagoviana/.m2/repository/org/codehaus/plexus/plexus-utils/3.3.0/plexus-utils-3.3.0.jar:/Users/santiagoviana/.m2/repository/commons-codec/commons-codec/1.6/commons-codec-1.6.jar:"/>
    <property name="sun.cpu.endian" value="little"/>
    <property name="user.home" value="/Users/santiagoviana"/>
    <property name="user.language" value="en"/>
    <property name="java.specification.vendor" value="Oracle Corporation"/>
    <property name="java.version.date" value="2022-04-19"/>
    <property name="java.home" value="/usr/local/Cellar/openjdk/18.0.1/libexec/openjdk.jdk/Contents/Home"/>
    <property name="file.separator" value="/"/>
    <property name="basedir" value="/Users/santiagoviana/Sofka/BuenasPracticas/my-demo"/>
    <property name="java.vm.compressedOopsMode" value="Zero based"/>
    <property name="line.separator" value="&#10;"/>
    <property name="java.vm.specification.vendor" value="Oracle Corporation"/>
    <property name="java.specification.name" value="Java Platform API Specification"/>
    <property name="apple.awt.application.name" value="ForkedBooter"/>
    <property name="surefire.real.class.path" value="/Users/santiagoviana/Sofka/BuenasPracticas/my-demo/target/surefire/surefirebooter438108183451098535.jar"/>
    <property name="sun.management.compiler" value="HotSpot 64-Bit Tiered Compilers"/>
    <property name="ftp.nonProxyHosts" value="local|*.local|169.254/16|*.169.254/16"/>
    <property name="java.runtime.version" value="18.0.1+0"/>
    <property name="user.name" value="santiagoviana"/>
    <property name="path.separator" value=":"/>
    <property name="os.version" value="10.15.7"/>
    <property name="java.runtime.name" value="OpenJDK Runtime Environment"/>
    <property name="file.encoding" value="UTF-8"/>
    <property name="java.vm.name" value="OpenJDK 64-Bit Server VM"/>
    <property name="java.vendor.version" value="Homebrew"/>
    <property name="localRepository" value="/Users/santiagoviana/.m2/repository"/>
    <property name="java.vendor.url.bug" value="https://github.com/Homebrew/homebrew-core/issues"/>
    <property name="java.io.tmpdir" value="/var/folders/yb/zt8mp8w53fj579kg30df4f7h0000gn/T/"/>
    <property name="java.version" value="18.0.1"/>
    <property name="user.dir" value="/Users/santiagoviana/Sofka/BuenasPracticas/my-demo"/>
    <property name="os.arch" value="x86_64"/>
    <property name="java.vm.specification.name" value="Java Virtual Machine Specification"/>
    <property name="native.encoding" value="UTF-8"/>
    <property name="java.library.path" value="/Users/santiagoviana/Library/Java/Extensions:/Library/Java/Extensions:/Network/Library/Java/Extensions:/System/Library/Java/Extensions:/usr/lib/java:."/>
    <property name="java.vm.info" value="mixed mode, sharing"/>
    <property name="java.vendor" value="Homebrew"/>
    <property name="java.vm.version" value="18.0.1+0"/>
    <property name="sun.io.unicode.encoding" value="UnicodeBig"/>
    <property name="socksNonProxyHosts" value="local|*.local|169.254/16|*.169.254/16"/>
    <property name="java.class.version" value="62.0"/>
  </properties>
  <testcase name="divide" classname="co.com.sofka.app.BasicCalculatorTest" time="0.031"/>
  <testcase name="severalSums{Long, Long, Long}" classname="co.com.sofka.app.BasicCalculatorTest" time="0.016">
    <error message="No ParameterResolver registered for parameter [java.lang.Long arg0] in method [public void co.com.sofka.app.BasicCalculatorTest.severalSums(java.lang.Long,java.lang.Long,java.lang.Long)]." type="org.junit.jupiter.api.extension.ParameterResolutionException">org.junit.jupiter.api.extension.ParameterResolutionException: No ParameterResolver registered for parameter [java.lang.Long arg0] in method [public void co.com.sofka.app.BasicCalculatorTest.severalSums(java.lang.Long,java.lang.Long,java.lang.Long)].
</error>
  </testcase>
  <testcase name="severalSums{Long, Long, Long}[1]" classname="co.com.sofka.app.BasicCalculatorTest" time="0.039"/>
  <testcase name="severalSums{Long, Long, Long}[2]" classname="co.com.sofka.app.BasicCalculatorTest" time="0.004"/>
  <testcase name="severalSums{Long, Long, Long}[3]" classname="co.com.sofka.app.BasicCalculatorTest" time="0.004"/>
  <testcase name="severalSums{Long, Long, Long}[4]" classname="co.com.sofka.app.BasicCalculatorTest" time="0"/>
  <testcase name="severalSubstracts{Long, Long, Long}" classname="co.com.sofka.app.BasicCalculatorTest" time="0.001">
    <error message="No ParameterResolver registered for parameter [java.lang.Long arg0] in method [public void co.com.sofka.app.BasicCalculatorTest.severalSubstracts(java.lang.Long,java.lang.Long,java.lang.Long)]." type="org.junit.jupiter.api.extension.ParameterResolutionException">org.junit.jupiter.api.extension.ParameterResolutionException: No ParameterResolver registered for parameter [java.lang.Long arg0] in method [public void co.com.sofka.app.BasicCalculatorTest.severalSubstracts(java.lang.Long,java.lang.Long,java.lang.Long)].
</error>
  </testcase>
  <testcase name="severalSubstracts{Long, Long, Long}[1]" classname="co.com.sofka.app.BasicCalculatorTest" time="0.017"/>
  <testcase name="severalSubstracts{Long, Long, Long}[2]" classname="co.com.sofka.app.BasicCalculatorTest" time="0.001"/>
  <testcase name="severalSubstracts{Long, Long, Long}[3]" classname="co.com.sofka.app.BasicCalculatorTest" time="0"/>
  <testcase name="severalSubstracts{Long, Long, Long}[4]" classname="co.com.sofka.app.BasicCalculatorTest" time="0.005"/>
  <testcase name="sum" classname="co.com.sofka.app.BasicCalculatorTest" time="0.004"/>
  <testcase name="substract" classname="co.com.sofka.app.BasicCalculatorTest" time="0.005"/>
  <testcase name="multiply" classname="co.com.sofka.app.BasicCalculatorTest" time="0.005"/>
  <testcase name="severalDivides{Long, Long, Double}" classname="co.com.sofka.app.BasicCalculatorTest" time="0.005">
    <error message="No ParameterResolver registered for parameter [java.lang.Long arg0] in method [public void co.com.sofka.app.BasicCalculatorTest.severalDivides(java.lang.Long,java.lang.Long,java.lang.Double)]." type="org.junit.jupiter.api.extension.ParameterResolutionException">org.junit.jupiter.api.extension.ParameterResolutionException: No ParameterResolver registered for parameter [java.lang.Long arg0] in method [public void co.com.sofka.app.BasicCalculatorTest.severalDivides(java.lang.Long,java.lang.Long,java.lang.Double)].
</error>
  </testcase>
  <testcase name="severalDivides{Long, Long, Double}[1]" classname="co.com.sofka.app.BasicCalculatorTest" time="0.013"/>
  <testcase name="severalDivides{Long, Long, Double}[2]" classname="co.com.sofka.app.BasicCalculatorTest" time="0.005"/>
  <testcase name="severalDivides{Long, Long, Double}[3]" classname="co.com.sofka.app.BasicCalculatorTest" time="0.004"/>
  <testcase name="severalDivides{Long, Long, Double}[4]" classname="co.com.sofka.app.BasicCalculatorTest" time="0.007"/>
  <testcase name="severalMultiplies{Long, Long, Long}" classname="co.com.sofka.app.BasicCalculatorTest" time="0.003">
    <error message="No ParameterResolver registered for parameter [java.lang.Long arg0] in method [public void co.com.sofka.app.BasicCalculatorTest.severalMultiplies(java.lang.Long,java.lang.Long,java.lang.Long)]." type="org.junit.jupiter.api.extension.ParameterResolutionException">org.junit.jupiter.api.extension.ParameterResolutionException: No ParameterResolver registered for parameter [java.lang.Long arg0] in method [public void co.com.sofka.app.BasicCalculatorTest.severalMultiplies(java.lang.Long,java.lang.Long,java.lang.Long)].
</error>
  </testcase>
  <testcase name="severalMultiplies{Long, Long, Long}[1]" classname="co.com.sofka.app.BasicCalculatorTest" time="0.005"/>
  <testcase name="severalMultiplies{Long, Long, Long}[2]" classname="co.com.sofka.app.BasicCalculatorTest" time="0.003"/>
  <testcase name="severalMultiplies{Long, Long, Long}[3]" classname="co.com.sofka.app.BasicCalculatorTest" time="0.003"/>
  <testcase name="severalMultiplies{Long, Long, Long}[4]" classname="co.com.sofka.app.BasicCalculatorTest" time="0.011"/>
</testsuite>